TOPOLR SERVER 1.2.3,NODE V7.5.0 WIN32 UNKNOW
PROTOCOL[http] HOST[localhost] PORT[8080] WORKER[4]
PROJECT[ blog | chat | ROOT | sdata ]
----------------------------------------------------
[2]SERVER WORKER STARTED[5352]
[1]SERVER WORKER STARTED[14240]
[4]SERVER WORKER STARTED[11324]
[3]SERVER WORKER STARTED[4068]
worker4 exit.
worker5 exit.
[6]SERVER WORKER STARTED[3124]
TOPOLR SERVER 1.2.3,NODE V7.5.0 WIN32 UNKNOW
PROTOCOL[http] HOST[localhost] PORT[8080] WORKER[4]
PROJECT[ blog | chat | ROOT | sdata ]
----------------------------------------------------
[4]SERVER WORKER STARTED[12096]
[2]SERVER WORKER STARTED[9836]
[1]SERVER WORKER STARTED[9144]
[3]SERVER WORKER STARTED[13576]
TOPOLR SERVER 1.2.3,NODE V7.5.0 WIN32 UNKNOW
PROTOCOL[http] HOST[localhost] PORT[8080] WORKER[4]
PROJECT[ blog | chat | ROOT | sdata ]
----------------------------------------------------
[1]SERVER WORKER STARTED[5968]
[2]SERVER WORKER STARTED[5316]
[3]SERVER WORKER STARTED[9516]
[4]SERVER WORKER STARTED[9296]
TOPOLR SERVER 1.2.3,NODE V7.5.0 WIN32 UNKNOW
PROTOCOL[http] HOST[localhost] PORT[8080] WORKER[4]
PROJECT[ blog | chat | ROOT | sdata ]
----------------------------------------------------
[3]SERVER WORKER STARTED[9084]
[4]SERVER WORKER STARTED[13072]
[2]SERVER WORKER STARTED[13292]
[1]SERVER WORKER STARTED[11980]
TOPOLR SERVER 1.2.3,NODE V7.5.0 WIN32 UNKNOW
PROTOCOL[http] HOST[localhost] PORT[8080] WORKER[4]
PROJECT[ blog | chat | ROOT | sdata ]
----------------------------------------------------
[1]SERVER WORKER STARTED[7504]
[4]SERVER WORKER STARTED[3284]
[2]SERVER WORKER STARTED[7156]
[3]SERVER WORKER STARTED[1300]
